2020-12-04 11:22:48,675 INFO  [log] Testcase name is Property_GroovyScript
2020-12-04 11:22:48,681 INFO  [log] TestSuite name is TestSuite2_Groovy
2020-12-04 11:22:48,686 INFO  [log] Request is <soap:Envelope xmlns:soap="http://www.w3.org/2003/05/soap-envelope" xmlns:def="http://soap.upskills.in/soap/default?services=catalogProductTypeListV1">\r
   <soap:Header/>\r
   <soap:Body>\r
      <def:catalogProductTypeListV1GetProductTypesRequest/>\r
   </soap:Body>\r
</soap:Envelope>
2020-12-04 11:22:49,090 INFO  [log] Counter is 2
2020-12-04 11:27:17,864 INFO  [log] Testcase name is Property_GroovyScript
2020-12-04 11:27:17,871 INFO  [log] TestSuite name is TestSuite2_Groovy
2020-12-04 11:27:17,875 INFO  [log] Request is <soap:Envelope xmlns:soap="http://www.w3.org/2003/05/soap-envelope" xmlns:def="http://soap.upskills.in/soap/default?services=catalogProductTypeListV1">\r
   <soap:Header/>\r
   <soap:Body>\r
      <def:catalogProductTypeListV1GetProductTypesRequest/>\r
   </soap:Body>\r
</soap:Envelope>
2020-12-04 11:27:18,292 INFO  [log] Counter is 2
2020-12-04 11:30:05,408 INFO  [log] Testcase name is Property_GroovyScript
2020-12-04 11:30:05,415 INFO  [log] TestSuite name is TestSuite2_Groovy
2020-12-04 11:30:05,419 INFO  [log] Request is <soap:Envelope xmlns:soap="http://www.w3.org/2003/05/soap-envelope" xmlns:def="http://soap.upskills.in/soap/default?services=catalogProductTypeListV1">\r
   <soap:Header/>\r
   <soap:Body>\r
      <def:catalogProductTypeListV1GetProductTypesRequest/>\r
   </soap:Body>\r
</soap:Envelope>
2020-12-04 11:30:05,767 INFO  [log] Counter is 2
2020-12-04 11:31:56,041 INFO  [log] Testcase name is Property_GroovyScript
2020-12-04 11:31:56,050 INFO  [log] TestSuite name is TestSuite2_Groovy
2020-12-04 11:31:56,055 INFO  [log] Request is <soap:Envelope xmlns:soap="http://www.w3.org/2003/05/soap-envelope" xmlns:def="http://soap.upskills.in/soap/default?services=catalogProductTypeListV1">\r
   <soap:Header/>\r
   <soap:Body>\r
      <def:catalogProductTypeListV1GetProductTypesRequest/>\r
   </soap:Body>\r
</soap:Envelope>
2020-12-04 11:31:56,454 INFO  [log] Counter is 0
2020-12-04 11:31:56,509 INFO  [log] Count is 1 SKU ID is SKU00107
2020-12-04 11:31:56,509 INFO  [log] Count is 1 Name is Apple Macbook 7
2020-12-04 11:32:05,541 INFO  [log] Testcase name is Property_GroovyScript
2020-12-04 11:32:05,542 INFO  [log] TestSuite name is TestSuite2_Groovy
2020-12-04 11:32:05,543 INFO  [log] Request is <soap:Envelope xmlns:soap="http://www.w3.org/2003/05/soap-envelope" xmlns:def="http://soap.upskills.in/soap/default?services=catalogProductTypeListV1">\r
   <soap:Header/>\r
   <soap:Body>\r
      <def:catalogProductTypeListV1GetProductTypesRequest/>\r
   </soap:Body>\r
</soap:Envelope>
2020-12-04 11:32:05,656 INFO  [log] Counter is 1
2020-12-04 11:32:05,656 INFO  [log] Count is 2 SKU ID is SKU00108
2020-12-04 11:32:05,661 INFO  [log] Count is 2 Name is Apple Macbook 8
2020-12-04 11:32:11,742 INFO  [log] Dlone with test data
2020-12-04 19:27:57,147 INFO  [log] Testcase name is Property_GroovyScript
2020-12-04 19:27:57,165 INFO  [log] TestSuite name is TestSuite2_Groovy
2020-12-04 19:27:57,169 INFO  [log] Request is <soap:Envelope xmlns:soap="http://www.w3.org/2003/05/soap-envelope" xmlns:def="http://soap.upskills.in/soap/default?services=catalogProductTypeListV1">\r
   <soap:Header/>\r
   <soap:Body>\r
      <def:catalogProductTypeListV1GetProductTypesRequest/>\r
   </soap:Body>\r
</soap:Envelope>
2020-12-04 19:27:57,800 INFO  [log] Counter is 0
2020-12-04 19:27:57,835 INFO  [log] Count is 1 SKU ID is SKU00107
2020-12-04 19:27:57,835 INFO  [log] Count is 1 Name is Apple Macbook 7
2020-12-04 19:28:02,418 INFO  [log] Testcase name is Property_GroovyScript
2020-12-04 19:28:02,419 INFO  [log] TestSuite name is TestSuite2_Groovy
2020-12-04 19:28:02,422 INFO  [log] Request is <soap:Envelope xmlns:soap="http://www.w3.org/2003/05/soap-envelope" xmlns:def="http://soap.upskills.in/soap/default?services=catalogProductTypeListV1">\r
   <soap:Header/>\r
   <soap:Body>\r
      <def:catalogProductTypeListV1GetProductTypesRequest/>\r
   </soap:Body>\r
</soap:Envelope>
2020-12-04 19:28:02,543 INFO  [log] Counter is 1
2020-12-04 19:28:02,543 INFO  [log] Count is 2 SKU ID is SKU00108
2020-12-04 19:28:02,544 INFO  [log] Count is 2 Name is Apple Macbook 8
2020-12-04 19:28:08,219 INFO  [log] Dlone with test data
